<?xml version="1.0" encoding="UTF-8"?>
<testng-results ignored="0" total="1" passed="1" failed="0" skipped="0">
  <reporter-output>
  </reporter-output>
  <suite started-at="2024-06-18T01:26:06 IST" name="Default suite" finished-at="2024-06-18T01:26:11 IST" duration-ms="4951">
    <groups>
    </groups>
    <test started-at="2024-06-18T01:26:06 IST" name="Default test" finished-at="2024-06-18T01:26:11 IST" duration-ms="4951">
      <class name="com.rest.practice.PostRequest">
        <test-method is-config="true" signature="setup()[pri:0, instance:com.rest.practice.PostRequest@158a8276]" started-at="2024-06-18T01:26:06 IST" name="setup" finished-at="2024-06-18T01:26:07 IST" duration-ms="795" status="PASS">
          <reporter-output>
          </reporter-output>
        </test-method> <!-- setup -->
        <test-method signature="postUser()[pri:0, instance:com.rest.practice.PostRequest@158a8276]" started-at="2024-06-18T01:26:07 IST" name="postUser" finished-at="2024-06-18T01:26:11 IST" duration-ms="4086" status="PASS">
          <reporter-output>
          </reporter-output>
        </test-method> <!-- postUser -->
      </class> <!-- com.rest.practice.PostRequest -->
    </test> <!-- Default test -->
  </suite> <!-- Default suite -->
</testng-results>
